  DG2014_DGObject.cpp
C:\Users\yang1\Desktop\1期末実習課題\DG2014\DG2014_DGObject.h(5,10): error C1083: include ファイルを開けません。'd3dx10.h':No such file or directory
  (ソース ファイル 'DG2014/DG2014_DGObject.cpp' をコンパイルしています)
  
  DG2014_Effect.cpp
C:\Users\yang1\Desktop\1期末実習課題\DG2014\DG2014_DGObject.h(5,10): error C1083: include ファイルを開けません。'd3dx10.h':No such file or directory
  (ソース ファイル 'DG2014/DG2014_Effect.cpp' をコンパイルしています)
  
  DG2014_Font.cpp
C:\Users\yang1\Desktop\1期末実習課題\DG2014\DG2014_DGObject.h(5,10): error C1083: include ファイルを開けません。'd3dx10.h':No such file or directory
  (ソース ファイル 'DG2014/DG2014_Font.cpp' をコンパイルしています)
  
  DG2014_Image.cpp
C:\Users\yang1\Desktop\1期末実習課題\DG2014\DG2014_DGObject.h(5,10): error C1083: include ファイルを開けません。'd3dx10.h':No such file or directory
  (ソース ファイル 'DG2014/DG2014_Image.cpp' をコンパイルしています)
  
  DG2014_IndexBuffer.cpp
C:\Users\yang1\Desktop\1期末実習課題\DG2014\DG2014_DGObject.h(5,10): error C1083: include ファイルを開けません。'd3dx10.h':No such file or directory
  (ソース ファイル 'DG2014/DG2014_IndexBuffer.cpp' をコンパイルしています)
  
  DG2014_InputLayout.cpp
C:\Users\yang1\Desktop\1期末実習課題\DG2014\DG2014_DGObject.h(5,10): error C1083: include ファイルを開けません。'd3dx10.h':No such file or directory
  (ソース ファイル 'DG2014/DG2014_InputLayout.cpp' をコンパイルしています)
  
  DG2014_Mesh.cpp
C:\Users\yang1\Desktop\1期末実習課題\DG2014\DG2014_DGObject.h(5,10): error C1083: include ファイルを開けません。'd3dx10.h':No such file or directory
  (ソース ファイル 'DG2014/DG2014_Mesh.cpp' をコンパイルしています)
  
  DG2014_MeshSOBFile.cpp
C:\Users\yang1\Desktop\1期末実習課題\DG2014\DG2014_DGObject.h(5,10): error C1083: include ファイルを開けません。'd3dx10.h':No such file or directory
  (ソース ファイル 'DG2014/DG2014_MeshSOBFile.cpp' をコンパイルしています)
  
  DG2014_Texture.cpp
C:\Users\yang1\Desktop\1期末実習課題\DG2014\DG2014_DGObject.h(5,10): error C1083: include ファイルを開けません。'd3dx10.h':No such file or directory
  (ソース ファイル 'DG2014/DG2014_Texture.cpp' をコンパイルしています)
  
  DG2014_Ver3_6.cpp
C:\Users\yang1\Desktop\1期末実習課題\DG2014\DG2014_DGObject.h(5,10): error C1083: include ファイルを開けません。'd3dx10.h':No such file or directory
  (ソース ファイル 'DG2014/DG2014_Ver3_6.cpp' をコンパイルしています)
  
  DG2014_VertexBuffer.cpp
C:\Users\yang1\Desktop\1期末実習課題\DG2014\DG2014_DGObject.h(5,10): error C1083: include ファイルを開けません。'd3dx10.h':No such file or directory
  (ソース ファイル 'DG2014/DG2014_VertexBuffer.cpp' をコンパイルしています)
  
  DG2014_VertexContainer.cpp
C:\Users\yang1\Desktop\1期末実習課題\DG2014\DG2014_DGObject.h(5,10): error C1083: include ファイルを開けません。'd3dx10.h':No such file or directory
  (ソース ファイル 'DG2014/DG2014_VertexContainer.cpp' をコンパイルしています)
  
  Dm2008_Ver1_4.cpp
C:\Users\yang1\Desktop\1期末実習課題\myLib.h(4,10): error C1083: include ファイルを開けません。'd3dx10.h':No such file or directory
  (ソース ファイル 'Dm2008_Ver1_4.cpp' をコンパイルしています)
  
  GameEngine_Ver3_83.cpp
C:\Users\yang1\Desktop\1期末実習課題\myLib.h(4,10): error C1083: include ファイルを開けません。'd3dx10.h':No such file or directory
  (ソース ファイル 'GameEngine_Ver3_83.cpp' をコンパイルしています)
  
  MyGameMain.cpp
C:\Users\yang1\Desktop\1期末実習課題\myLib.h(4,10): error C1083: include ファイルを開けません。'd3dx10.h':No such file or directory
  (ソース ファイル 'MyGameMain.cpp' をコンパイルしています)
  
  myLib.cpp
C:\Users\yang1\Desktop\1期末実習課題\myLib.h(4,10): error C1083: include ファイルを開けません。'd3dx10.h':No such file or directory
  (ソース ファイル 'myLib.cpp' をコンパイルしています)
  
  MyPG.cpp
C:\Users\yang1\Desktop\1期末実習課題\myLib.h(4,10): error C1083: include ファイルを開けません。'd3dx10.h':No such file or directory
  (ソース ファイル 'MyPG.cpp' をコンパイルしています)
  
  Task_LC.cpp
C:\Users\yang1\Desktop\1期末実習課題\myLib.h(4,10): error C1083: include ファイルを開けません。'd3dx10.h':No such file or directory
  (ソース ファイル 'Task_LC.cpp' をコンパイルしています)
  
  WinMain.cpp
C:\Users\yang1\Desktop\1期末実習課題\myLib.h(4,10): error C1083: include ファイルを開けません。'd3dx10.h':No such file or directory
  (ソース ファイル 'WinMain.cpp' をコンパイルしています)
  
  XI2018_Ver1_0.cpp
C:\Users\yang1\Desktop\1期末実習課題\myLib.h(4,10): error C1083: include ファイルを開けません。'd3dx10.h':No such file or directory
  (ソース ファイル 'XI2018_Ver1_0.cpp' をコンパイルしています)
  
  コードを生成中...
